000 (1007963.000.000) 05/13 08:55:02 Job submitted from host: <192.168.1.254:36617>
...
013 (1007963.000.000) 05/13 08:55:08 Job was released.
	via condor_release (by user condor)
...
001 (1007963.000.000) 05/13 08:55:25 Job executing on host: <192.168.1.219:50797>
...
Job start: host=twqcd218, JOB_ID=1007963, GPU_ID=0, wdir=/home/cuda2024/twchiu/cuda_lecture/FFT
005 (1007963.000.000) 05/13 08:55:26 Job terminated.
	(1) Normal termination (return value 0)
		Usr 0 00:00:00, Sys 0 00:00:00  -  Run Remote Usage
		Usr 0 00:00:00, Sys 0 00:00:00  -  Run Local Usage
		Usr 0 00:00:00, Sys 0 00:00:00  -  Total Remote Usage
		Usr 0 00:00:00, Sys 0 00:00:00  -  Total Local Usage
	0  -  Run Bytes Sent By Job
	0  -  Run Bytes Received By Job
	0  -  Total Bytes Sent By Job
	0  -  Total Bytes Received By Job
...
000 (1007964.000.000) 05/13 09:00:51 Job submitted from host: <192.168.1.254:36617>
...
013 (1007964.000.000) 05/13 09:00:58 Job was released.
	via condor_release (by user condor)
...
001 (1007964.000.000) 05/13 09:01:17 Job executing on host: <192.168.1.219:50797>
...
Job start: host=twqcd218, JOB_ID=1007964, GPU_ID=0, wdir=/home/cuda2024/twchiu/cuda_lecture/FFT
005 (1007964.000.000) 05/13 09:01:18 Job terminated.
	(1) Normal termination (return value 0)
		Usr 0 00:00:00, Sys 0 00:00:00  -  Run Remote Usage
		Usr 0 00:00:00, Sys 0 00:00:00  -  Run Local Usage
		Usr 0 00:00:00, Sys 0 00:00:00  -  Total Remote Usage
		Usr 0 00:00:00, Sys 0 00:00:00  -  Total Local Usage
	0  -  Run Bytes Sent By Job
	0  -  Run Bytes Received By Job
	0  -  Total Bytes Sent By Job
	0  -  Total Bytes Received By Job
...
000 (1007965.000.000) 05/13 09:02:39 Job submitted from host: <192.168.1.254:36617>
...
013 (1007965.000.000) 05/13 09:02:41 Job was released.
	via condor_release (by user condor)
...
001 (1007965.000.000) 05/13 09:03:02 Job executing on host: <192.168.1.219:50797>
...
Job start: host=twqcd218, JOB_ID=1007965, GPU_ID=0, wdir=/home/cuda2024/twchiu/cuda_lecture/FFT
005 (1007965.000.000) 05/13 09:03:12 Job terminated.
	(1) Normal termination (return value 0)
		Usr 0 00:00:00, Sys 0 00:00:00  -  Run Remote Usage
		Usr 0 00:00:00, Sys 0 00:00:00  -  Run Local Usage
		Usr 0 00:00:00, Sys 0 00:00:00  -  Total Remote Usage
		Usr 0 00:00:00, Sys 0 00:00:00  -  Total Local Usage
	0  -  Run Bytes Sent By Job
	0  -  Run Bytes Received By Job
	0  -  Total Bytes Sent By Job
	0  -  Total Bytes Received By Job
...
