000 (1012655.000.000) 04/12 03:04:00 Job submitted from host: <192.168.1.254:35795>
...
013 (1012655.000.000) 04/12 03:04:03 Job was released.
	via condor_release (by user condor)
...
001 (1012655.000.000) 04/12 03:04:25 Job executing on host: <192.168.1.219:42259>
...
Job start: host=twqcd218, JOB_ID=1012655, GPU_ID=0 1, wdir=/home/cuda2025/twchiu/cuda_lecture/laplace2D_NGPU/Njobs
006 (1012655.000.000) 04/12 03:09:33 Image size of job updated: 17879896
...
005 (1012655.000.000) 04/12 03:11:14 Job terminated.
	(1) Normal termination (return value 0)
		Usr 0 00:06:59, Sys 0 00:02:50  -  Run Remote Usage
		Usr 0 00:00:00, Sys 0 00:00:00  -  Run Local Usage
		Usr 0 00:06:59, Sys 0 00:02:50  -  Total Remote Usage
		Usr 0 00:00:00, Sys 0 00:00:00  -  Total Local Usage
	0  -  Run Bytes Sent By Job
	0  -  Run Bytes Received By Job
	0  -  Total Bytes Sent By Job
	0  -  Total Bytes Received By Job
...
