000 (1005667.000.000) 04/01 07:39:20 Job submitted from host: <192.168.1.254:36617>
...
013 (1005667.000.000) 04/01 07:39:28 Job was released.
	via condor_release (by user condor)
...
001 (1005667.000.000) 04/01 07:39:46 Job executing on host: <192.168.1.219:50797>
...
Job start: host=twqcd218, JOB_ID=1005667, GPU_ID=0, wdir=/home/cuda2024/twchiu/cuda_lecture/histogram_1GPU
005 (1005667.000.000) 04/01 07:39:49 Job terminated.
	(1) Normal termination (return value 0)
		Usr 0 00:00:00, Sys 0 00:00:00  -  Run Remote Usage
		Usr 0 00:00:00, Sys 0 00:00:00  -  Run Local Usage
		Usr 0 00:00:00, Sys 0 00:00:00  -  Total Remote Usage
		Usr 0 00:00:00, Sys 0 00:00:00  -  Total Local Usage
	0  -  Run Bytes Sent By Job
	0  -  Run Bytes Received By Job
	0  -  Total Bytes Sent By Job
	0  -  Total Bytes Received By Job
...
000 (1005668.000.000) 04/01 07:45:33 Job submitted from host: <192.168.1.254:36617>
...
013 (1005668.000.000) 04/01 07:45:38 Job was released.
	via condor_release (by user condor)
...
001 (1005668.000.000) 04/01 07:45:56 Job executing on host: <192.168.1.219:50797>
...
Job start: host=twqcd218, JOB_ID=1005668, GPU_ID=0, wdir=/home/cuda2024/twchiu/cuda_lecture/histogram_1GPU
005 (1005668.000.000) 04/01 07:46:02 Job terminated.
	(1) Normal termination (return value 0)
		Usr 0 00:00:03, Sys 0 00:00:00  -  Run Remote Usage
		Usr 0 00:00:00, Sys 0 00:00:00  -  Run Local Usage
		Usr 0 00:00:03, Sys 0 00:00:00  -  Total Remote Usage
		Usr 0 00:00:00, Sys 0 00:00:00  -  Total Local Usage
	0  -  Run Bytes Sent By Job
	0  -  Run Bytes Received By Job
	0  -  Total Bytes Sent By Job
	0  -  Total Bytes Received By Job
...
000 (1005669.000.000) 04/01 07:48:56 Job submitted from host: <192.168.1.254:36617>
...
013 (1005669.000.000) 04/01 07:49:04 Job was released.
	via condor_release (by user condor)
...
001 (1005669.000.000) 04/01 07:49:21 Job executing on host: <192.168.1.219:50797>
...
Job start: host=twqcd218, JOB_ID=1005669, GPU_ID=0, wdir=/home/cuda2024/twchiu/cuda_lecture/histogram_1GPU
005 (1005669.000.000) 04/01 07:49:27 Job terminated.
	(1) Normal termination (return value 0)
		Usr 0 00:00:00, Sys 0 00:00:00  -  Run Remote Usage
		Usr 0 00:00:00, Sys 0 00:00:00  -  Run Local Usage
		Usr 0 00:00:00, Sys 0 00:00:00  -  Total Remote Usage
		Usr 0 00:00:00, Sys 0 00:00:00  -  Total Local Usage
	0  -  Run Bytes Sent By Job
	0  -  Run Bytes Received By Job
	0  -  Total Bytes Sent By Job
	0  -  Total Bytes Received By Job
...
000 (1005682.000.000) 04/01 08:50:58 Job submitted from host: <192.168.1.254:36617>
...
013 (1005682.000.000) 04/01 08:51:08 Job was released.
	via condor_release (by user condor)
...
001 (1005682.000.000) 04/01 08:51:14 Job executing on host: <192.168.1.81:43397>
...
Job start: host=twqcd80, JOB_ID=1005682, GPU_ID=0, wdir=/home/cuda2024/twchiu/cuda_lecture/histogram_1GPU
005 (1005682.000.000) 04/01 08:51:19 Job terminated.
	(1) Normal termination (return value 0)
		Usr 0 00:00:00, Sys 0 00:00:00  -  Run Remote Usage
		Usr 0 00:00:00, Sys 0 00:00:00  -  Run Local Usage
		Usr 0 00:00:00, Sys 0 00:00:00  -  Total Remote Usage
		Usr 0 00:00:00, Sys 0 00:00:00  -  Total Local Usage
	0  -  Run Bytes Sent By Job
	0  -  Run Bytes Received By Job
	0  -  Total Bytes Sent By Job
	0  -  Total Bytes Received By Job
...
000 (1005683.000.000) 04/01 08:58:37 Job submitted from host: <192.168.1.254:36617>
...
013 (1005683.000.000) 04/01 08:58:41 Job was released.
	via condor_release (by user condor)
...
001 (1005683.000.000) 04/01 08:59:01 Job executing on host: <192.168.1.219:50797>
...
Job start: host=twqcd218, JOB_ID=1005683, GPU_ID=0, wdir=/home/cuda2024/twchiu/cuda_lecture/histogram_1GPU
005 (1005683.000.000) 04/01 08:59:07 Job terminated.
	(1) Normal termination (return value 0)
		Usr 0 00:00:00, Sys 0 00:00:00  -  Run Remote Usage
		Usr 0 00:00:00, Sys 0 00:00:00  -  Run Local Usage
		Usr 0 00:00:00, Sys 0 00:00:00  -  Total Remote Usage
		Usr 0 00:00:00, Sys 0 00:00:00  -  Total Local Usage
	0  -  Run Bytes Sent By Job
	0  -  Run Bytes Received By Job
	0  -  Total Bytes Sent By Job
	0  -  Total Bytes Received By Job
...
000 (1005684.000.000) 04/01 09:08:06 Job submitted from host: <192.168.1.254:36617>
...
013 (1005684.000.000) 04/01 09:08:07 Job was released.
	via condor_release (by user condor)
...
001 (1005684.000.000) 04/01 09:08:29 Job executing on host: <192.168.1.219:50797>
...
Job start: host=twqcd218, JOB_ID=1005684, GPU_ID=0, wdir=/home/cuda2024/twchiu/cuda_lecture/histogram_1GPU
005 (1005684.000.000) 04/01 09:08:33 Job terminated.
	(1) Normal termination (return value 0)
		Usr 0 00:00:00, Sys 0 00:00:00  -  Run Remote Usage
		Usr 0 00:00:00, Sys 0 00:00:00  -  Run Local Usage
		Usr 0 00:00:00, Sys 0 00:00:00  -  Total Remote Usage
		Usr 0 00:00:00, Sys 0 00:00:00  -  Total Local Usage
	0  -  Run Bytes Sent By Job
	0  -  Run Bytes Received By Job
	0  -  Total Bytes Sent By Job
	0  -  Total Bytes Received By Job
...
000 (1005685.000.000) 04/01 09:42:58 Job submitted from host: <192.168.1.254:36617>
...
013 (1005685.000.000) 04/01 09:43:04 Job was released.
	via condor_release (by user condor)
...
001 (1005685.000.000) 04/01 09:43:21 Job executing on host: <192.168.1.219:50797>
...
Job start: host=twqcd218, JOB_ID=1005685, GPU_ID=0, wdir=/home/cuda2024/twchiu/cuda_lecture/histogram_1GPU
005 (1005685.000.000) 04/01 09:43:27 Job terminated.
	(1) Normal termination (return value 0)
		Usr 0 00:00:00, Sys 0 00:00:00  -  Run Remote Usage
		Usr 0 00:00:00, Sys 0 00:00:00  -  Run Local Usage
		Usr 0 00:00:00, Sys 0 00:00:00  -  Total Remote Usage
		Usr 0 00:00:00, Sys 0 00:00:00  -  Total Local Usage
	0  -  Run Bytes Sent By Job
	0  -  Run Bytes Received By Job
	0  -  Total Bytes Sent By Job
	0  -  Total Bytes Received By Job
...
000 (1005686.000.000) 04/01 09:48:00 Job submitted from host: <192.168.1.254:36617>
...
013 (1005686.000.000) 04/01 09:48:03 Job was released.
	via condor_release (by user condor)
...
001 (1005686.000.000) 04/01 09:48:21 Job executing on host: <192.168.1.219:50797>
...
Job start: host=twqcd218, JOB_ID=1005686, GPU_ID=0, wdir=/home/cuda2024/twchiu/cuda_lecture/histogram_1GPU
005 (1005686.000.000) 04/01 09:48:27 Job terminated.
	(1) Normal termination (return value 0)
		Usr 0 00:00:00, Sys 0 00:00:00  -  Run Remote Usage
		Usr 0 00:00:00, Sys 0 00:00:00  -  Run Local Usage
		Usr 0 00:00:00, Sys 0 00:00:00  -  Total Remote Usage
		Usr 0 00:00:00, Sys 0 00:00:00  -  Total Local Usage
	0  -  Run Bytes Sent By Job
	0  -  Run Bytes Received By Job
	0  -  Total Bytes Sent By Job
	0  -  Total Bytes Received By Job
...
000 (1005690.000.000) 04/01 11:46:55 Job submitted from host: <192.168.1.254:36617>
...
013 (1005690.000.000) 04/01 11:46:58 Job was released.
	via condor_release (by user condor)
...
001 (1005690.000.000) 04/01 11:47:19 Job executing on host: <192.168.1.219:50797>
...
Job start: host=twqcd218, JOB_ID=1005690, GPU_ID=0, wdir=/home/cuda2024/twchiu/cuda_lecture/histogram_1GPU
005 (1005690.000.000) 04/01 11:47:25 Job terminated.
	(1) Normal termination (return value 0)
		Usr 0 00:00:00, Sys 0 00:00:00  -  Run Remote Usage
		Usr 0 00:00:00, Sys 0 00:00:00  -  Run Local Usage
		Usr 0 00:00:00, Sys 0 00:00:00  -  Total Remote Usage
		Usr 0 00:00:00, Sys 0 00:00:00  -  Total Local Usage
	0  -  Run Bytes Sent By Job
	0  -  Run Bytes Received By Job
	0  -  Total Bytes Sent By Job
	0  -  Total Bytes Received By Job
...
000 (1005691.000.000) 04/01 12:51:12 Job submitted from host: <192.168.1.254:36617>
...
013 (1005691.000.000) 04/01 12:51:14 Job was released.
	via condor_release (by user condor)
...
001 (1005691.000.000) 04/01 12:51:35 Job executing on host: <192.168.1.219:50797>
...
Job start: host=twqcd218, JOB_ID=1005691, GPU_ID=0, wdir=/home/cuda2024/twchiu/cuda_lecture/histogram_1GPU
005 (1005691.000.000) 04/01 12:51:39 Job terminated.
	(1) Normal termination (return value 0)
		Usr 0 00:00:01, Sys 0 00:00:00  -  Run Remote Usage
		Usr 0 00:00:00, Sys 0 00:00:00  -  Run Local Usage
		Usr 0 00:00:01, Sys 0 00:00:00  -  Total Remote Usage
		Usr 0 00:00:00, Sys 0 00:00:00  -  Total Local Usage
	0  -  Run Bytes Sent By Job
	0  -  Run Bytes Received By Job
	0  -  Total Bytes Sent By Job
	0  -  Total Bytes Received By Job
...
000 (1005692.000.000) 04/01 13:07:59 Job submitted from host: <192.168.1.254:36617>
...
013 (1005692.000.000) 04/01 13:08:02 Job was released.
	via condor_release (by user condor)
...
001 (1005692.000.000) 04/01 13:08:12 Job executing on host: <192.168.1.219:50797>
...
Job start: host=twqcd218, JOB_ID=1005692, GPU_ID=0, wdir=/home/cuda2024/twchiu/cuda_lecture/histogram_1GPU
005 (1005692.000.000) 04/01 13:08:16 Job terminated.
	(1) Normal termination (return value 0)
		Usr 0 00:00:00, Sys 0 00:00:00  -  Run Remote Usage
		Usr 0 00:00:00, Sys 0 00:00:00  -  Run Local Usage
		Usr 0 00:00:00, Sys 0 00:00:00  -  Total Remote Usage
		Usr 0 00:00:00, Sys 0 00:00:00  -  Total Local Usage
	0  -  Run Bytes Sent By Job
	0  -  Run Bytes Received By Job
	0  -  Total Bytes Sent By Job
	0  -  Total Bytes Received By Job
...
000 (1013343.000.000) 04/18 09:00:22 Job submitted from host: <192.168.1.254:35795>
...
013 (1013343.000.000) 04/18 09:00:31 Job was released.
	via condor_release (by user condor)
...
001 (1013343.000.000) 04/18 09:00:50 Job executing on host: <192.168.1.219:42259>
...
Job start: host=twqcd218, JOB_ID=1013343, GPU_ID=0, wdir=/home/cuda2025/twchiu/cuda_lecture/histogram_1GPU
005 (1013343.000.000) 04/18 09:00:53 Job terminated.
	(1) Normal termination (return value 0)
		Usr 0 00:00:00, Sys 0 00:00:00  -  Run Remote Usage
		Usr 0 00:00:00, Sys 0 00:00:00  -  Run Local Usage
		Usr 0 00:00:00, Sys 0 00:00:00  -  Total Remote Usage
		Usr 0 00:00:00, Sys 0 00:00:00  -  Total Local Usage
	0  -  Run Bytes Sent By Job
	0  -  Run Bytes Received By Job
	0  -  Total Bytes Sent By Job
	0  -  Total Bytes Received By Job
...
000 (1013344.000.000) 04/18 09:01:11 Job submitted from host: <192.168.1.254:35795>
...
013 (1013344.000.000) 04/18 09:01:13 Job was released.
	via condor_release (by user condor)
...
001 (1013344.000.000) 04/18 09:01:35 Job executing on host: <192.168.1.219:42259>
...
Job start: host=twqcd218, JOB_ID=1013344, GPU_ID=0, wdir=/home/cuda2025/twchiu/cuda_lecture/histogram_1GPU
005 (1013344.000.000) 04/18 09:01:38 Job terminated.
	(1) Normal termination (return value 0)
		Usr 0 00:00:00, Sys 0 00:00:00  -  Run Remote Usage
		Usr 0 00:00:00, Sys 0 00:00:00  -  Run Local Usage
		Usr 0 00:00:00, Sys 0 00:00:00  -  Total Remote Usage
		Usr 0 00:00:00, Sys 0 00:00:00  -  Total Local Usage
	0  -  Run Bytes Sent By Job
	0  -  Run Bytes Received By Job
	0  -  Total Bytes Sent By Job
	0  -  Total Bytes Received By Job
...
000 (1013345.000.000) 04/18 09:02:29 Job submitted from host: <192.168.1.254:35795>
...
013 (1013345.000.000) 04/18 09:02:35 Job was released.
	via condor_release (by user condor)
...
001 (1013345.000.000) 04/18 09:02:56 Job executing on host: <192.168.1.219:42259>
...
Job start: host=twqcd218, JOB_ID=1013345, GPU_ID=0, wdir=/home/cuda2025/twchiu/cuda_lecture/histogram_1GPU
005 (1013345.000.000) 04/18 09:03:02 Job terminated.
	(1) Normal termination (return value 0)
		Usr 0 00:00:00, Sys 0 00:00:00  -  Run Remote Usage
		Usr 0 00:00:00, Sys 0 00:00:00  -  Run Local Usage
		Usr 0 00:00:00, Sys 0 00:00:00  -  Total Remote Usage
		Usr 0 00:00:00, Sys 0 00:00:00  -  Total Local Usage
	0  -  Run Bytes Sent By Job
	0  -  Run Bytes Received By Job
	0  -  Total Bytes Sent By Job
	0  -  Total Bytes Received By Job
...
000 (1014003.000.000) 04/25 11:01:52 Job submitted from host: <192.168.1.254:35795>
...
013 (1014003.000.000) 04/25 11:02:02 Job was released.
	via condor_release (by user condor)
...
001 (1014003.000.000) 04/25 11:02:07 Job executing on host: <192.168.1.219:42259>
...
Job start: host=twqcd218, JOB_ID=1014003, GPU_ID=0, wdir=/home/cuda2025/twchiu/cuda_lecture/histogram_1GPU
005 (1014003.000.000) 04/25 11:02:12 Job terminated.
	(1) Normal termination (return value 0)
		Usr 0 00:00:00, Sys 0 00:00:00  -  Run Remote Usage
		Usr 0 00:00:00, Sys 0 00:00:00  -  Run Local Usage
		Usr 0 00:00:00, Sys 0 00:00:00  -  Total Remote Usage
		Usr 0 00:00:00, Sys 0 00:00:00  -  Total Local Usage
	0  -  Run Bytes Sent By Job
	0  -  Run Bytes Received By Job
	0  -  Total Bytes Sent By Job
	0  -  Total Bytes Received By Job
...
000 (1014004.000.000) 04/25 11:20:25 Job submitted from host: <192.168.1.254:35795>
...
013 (1014004.000.000) 04/25 11:20:35 Job was released.
	via condor_release (by user condor)
...
001 (1014004.000.000) 04/25 11:20:53 Job executing on host: <192.168.1.219:42259>
...
Job start: host=twqcd218, JOB_ID=1014004, GPU_ID=0, wdir=/home/cuda2025/twchiu/cuda_lecture/histogram_1GPU
005 (1014004.000.000) 04/25 11:20:57 Job terminated.
	(1) Normal termination (return value 0)
		Usr 0 00:00:00, Sys 0 00:00:00  -  Run Remote Usage
		Usr 0 00:00:00, Sys 0 00:00:00  -  Run Local Usage
		Usr 0 00:00:00, Sys 0 00:00:00  -  Total Remote Usage
		Usr 0 00:00:00, Sys 0 00:00:00  -  Total Local Usage
	0  -  Run Bytes Sent By Job
	0  -  Run Bytes Received By Job
	0  -  Total Bytes Sent By Job
	0  -  Total Bytes Received By Job
...
000 (1014005.000.000) 04/25 11:23:34 Job submitted from host: <192.168.1.254:35795>
...
013 (1014005.000.000) 04/25 11:23:40 Job was released.
	via condor_release (by user condor)
...
001 (1014005.000.000) 04/25 11:24:03 Job executing on host: <192.168.1.219:42259>
...
Job start: host=twqcd218, JOB_ID=1014005, GPU_ID=0, wdir=/home/cuda2025/twchiu/cuda_lecture/histogram_1GPU
005 (1014005.000.000) 04/25 11:24:09 Job terminated.
	(1) Normal termination (return value 0)
		Usr 0 00:00:04, Sys 0 00:00:00  -  Run Remote Usage
		Usr 0 00:00:00, Sys 0 00:00:00  -  Run Local Usage
		Usr 0 00:00:04, Sys 0 00:00:00  -  Total Remote Usage
		Usr 0 00:00:00, Sys 0 00:00:00  -  Total Local Usage
	0  -  Run Bytes Sent By Job
	0  -  Run Bytes Received By Job
	0  -  Total Bytes Sent By Job
	0  -  Total Bytes Received By Job
...
